*** Starting uWSGI 2.0.19.1 (64bit) on [Mon May 17 17:40:03 2021] ***
compiled with version: Apple LLVM 12.0.5 (clang-1205.0.22.9) on 17 May 2021 09:39:38
os: Darwin-20.4.0 Darwin Kernel Version 20.4.0: Thu Apr 22 21:46:41 PDT 2021; root:xnu-7195.101.2~1/RELEASE_ARM64_T8101
nodename: xuhengs-MacBook-Air.local
machine: arm64
clock source: unix
pcre jit disabled
detected number of CPU cores: 8
current working directory: /Users/xuheng/workspace/buildbot_object/Mysite
writing pidfile to uwsgi.pid
detected binary path: /Users/xuheng/workspace/buildbot_object/sandbox/bin/uwsgi
chdir() to ~/workspace/buildbot_object/Mysite
chdir(): No such file or directory [core/uwsgi.c line 2625]
*** Starting uWSGI 2.0.19.1 (64bit) on [Mon May 17 17:53:55 2021] ***
compiled with version: Apple LLVM 12.0.5 (clang-1205.0.22.9) on 17 May 2021 09:39:38
os: Darwin-20.4.0 Darwin Kernel Version 20.4.0: Thu Apr 22 21:46:41 PDT 2021; root:xnu-7195.101.2~1/RELEASE_ARM64_T8101
nodename: xuhengs-MacBook-Air.local
machine: arm64
clock source: unix
pcre jit disabled
detected number of CPU cores: 8
current working directory: /Users/xuheng/workspace/buildbot_object/Mysite
writing pidfile to uwsgi.pid
detected binary path: /Users/xuheng/workspace/buildbot_object/sandbox/bin/uwsgi
chdir() to ~/workspace/buildbot_object/Mysite
chdir(): No such file or directory [core/uwsgi.c line 2625]
*** Starting uWSGI 2.0.19.1 (64bit) on [Mon May 17 17:54:26 2021] ***
compiled with version: Apple LLVM 12.0.5 (clang-1205.0.22.9) on 17 May 2021 09:39:38
os: Darwin-20.4.0 Darwin Kernel Version 20.4.0: Thu Apr 22 21:46:41 PDT 2021; root:xnu-7195.101.2~1/RELEASE_ARM64_T8101
nodename: xuhengs-MacBook-Air.local
machine: arm64
clock source: unix
pcre jit disabled
detected number of CPU cores: 8
current working directory: /Users/xuheng/workspace/buildbot_object/Mysite
writing pidfile to uwsgi.pid
detected binary path: /Users/xuheng/workspace/buildbot_object/sandbox/bin/uwsgi
chdir() to ~/workspace/buildbot_object/Mysite
chdir(): No such file or directory [core/uwsgi.c line 2625]
*** Starting uWSGI 2.0.19.1 (64bit) on [Mon May 17 18:01:00 2021] ***
compiled with version: Apple LLVM 12.0.5 (clang-1205.0.22.9) on 17 May 2021 09:39:38
os: Darwin-20.4.0 Darwin Kernel Version 20.4.0: Thu Apr 22 21:46:41 PDT 2021; root:xnu-7195.101.2~1/RELEASE_ARM64_T8101
nodename: xuhengs-MacBook-Air.local
machine: arm64
clock source: unix
pcre jit disabled
detected number of CPU cores: 8
current working directory: /Users/xuheng/workspace/buildbot_object/Mysite
writing pidfile to uwsgi.pid
detected binary path: /Users/xuheng/workspace/buildbot_object/sandbox/bin/uwsgi
chdir() to ~/workspace/buildbot_object/Mysite
chdir(): No such file or directory [core/uwsgi.c line 2625]
*** Starting uWSGI 2.0.19.1 (64bit) on [Mon May 17 18:02:41 2021] ***
compiled with version: Apple LLVM 12.0.5 (clang-1205.0.22.9) on 17 May 2021 09:39:38
os: Darwin-20.4.0 Darwin Kernel Version 20.4.0: Thu Apr 22 21:46:41 PDT 2021; root:xnu-7195.101.2~1/RELEASE_ARM64_T8101
nodename: xuhengs-MacBook-Air.local
machine: arm64
clock source: unix
pcre jit disabled
detected number of CPU cores: 8
current working directory: /Users/xuheng/workspace/buildbot_object/Mysite
writing pidfile to uwsgi.pid
detected binary path: /Users/xuheng/workspace/buildbot_object/sandbox/bin/uwsgi
chdir() to /Users/xuheng/workspace/buildbot_object/Mysite
your processes number limit is 1333
your memory page size is 16384 bytes
detected max file descriptor number: 256
lock engine: OSX spinlocks
thunder lock: disabled (you can enable it with --thunder-lock)
uwsgi socket 0 bound to TCP address 127.0.0.1:8000 fd 6
Python version: 3.9.5 (default, May  3 2021, 19:12:05)  [Clang 12.0.5 (clang-1205.0.22.9)]
Python main interpreter initialized at 0x13f006360
python threads support enabled
your server socket listen backlog is limited to 100 connections
your mercy for graceful operations on workers is 60 seconds
mapped 166656 bytes (162 KB) for 2 cores
*** Operational MODE: threaded ***
WSGI app 0 (mountpoint='') ready in 2 seconds on interpreter 0x13f006360 pid: 11340 (default app)
*** uWSGI is running in multiple interpreter mode ***
spawned uWSGI master process (pid: 11340)
spawned uWSGI worker 1 (pid: 11381, cores: 2)
[pid: 11381|app: 0|req: 1/1] 127.0.0.1 () {42 vars in 756 bytes} [Mon May 17 18:03:01 2021] GET / => generated 716 bytes in 94 msecs (HTTP/1.1 200) 5 headers in 166 bytes (1 switches on core 0)
[pid: 11381|app: 0|req: 2/2] 127.0.0.1 () {44 vars in 806 bytes} [Mon May 17 18:03:07 2021] GET /polls/ => generated 5407 bytes in 67 msecs (HTTP/1.1 200) 5 headers in 167 bytes (2 switches on core 1)
Not Found: /static/javascript/hidden.js
[pid: 11381|app: 0|req: 3/3] 127.0.0.1 () {42 vars in 759 bytes} [Mon May 17 18:03:07 2021] GET /static/javascript/hidden.js => generated 2332 bytes in 17 msecs (HTTP/1.1 404) 5 headers in 159 bytes (1 switches on core 0)
...brutally killing workers...
worker 1 buried after 1 seconds
binary reloading uWSGI...
chdir() to /Users/xuheng/workspace/buildbot_object/Mysite
closing all non-uwsgi socket fds > 2 (max_fd = 256)...
found fd 6 mapped to socket 0 (127.0.0.1:8000)
running /Users/xuheng/workspace/buildbot_object/sandbox/bin/uwsgi
[uWSGI] getting INI configuration from uwsgi.ini
*** Starting uWSGI 2.0.19.1 (64bit) on [Mon May 17 18:04:12 2021] ***
compiled with version: Apple LLVM 12.0.5 (clang-1205.0.22.9) on 17 May 2021 09:39:38
os: Darwin-20.4.0 Darwin Kernel Version 20.4.0: Thu Apr 22 21:46:41 PDT 2021; root:xnu-7195.101.2~1/RELEASE_ARM64_T8101
nodename: xuhengs-MacBook-Air.local
machine: arm64
clock source: unix
pcre jit disabled
detected number of CPU cores: 8
current working directory: /Users/xuheng/workspace/buildbot_object/Mysite
detected binary path: /Users/xuheng/workspace/buildbot_object/sandbox/bin/uwsgi
chdir() to /Users/xuheng/workspace/buildbot_object/Mysite
your processes number limit is 1333
your memory page size is 16384 bytes
detected max file descriptor number: 256
lock engine: OSX spinlocks
thunder lock: disabled (you can enable it with --thunder-lock)
uwsgi socket 0 inherited INET address 127.0.0.1:8000 fd 6
Python version: 3.9.5 (default, May  3 2021, 19:12:05)  [Clang 12.0.5 (clang-1205.0.22.9)]
Python main interpreter initialized at 0x145f07230
python threads support enabled
your server socket listen backlog is limited to 100 connections
your mercy for graceful operations on workers is 60 seconds
mapped 166656 bytes (162 KB) for 2 cores
*** Operational MODE: threaded ***
WSGI app 0 (mountpoint='') ready in 0 seconds on interpreter 0x145f07230 pid: 11340 (default app)
*** uWSGI is running in multiple interpreter mode ***
gracefully (RE)spawned uWSGI master process (pid: 11340)
spawned uWSGI worker 1 (pid: 11826, cores: 2)
...brutally killing workers...
worker 1 buried after 1 seconds
binary reloading uWSGI...
chdir() to /Users/xuheng/workspace/buildbot_object/Mysite
closing all non-uwsgi socket fds > 2 (max_fd = 256)...
found fd 6 mapped to socket 0 (127.0.0.1:8000)
running /Users/xuheng/workspace/buildbot_object/sandbox/bin/uwsgi
[uWSGI] getting INI configuration from uwsgi.ini
*** Starting uWSGI 2.0.19.1 (64bit) on [Mon May 17 18:04:23 2021] ***
compiled with version: Apple LLVM 12.0.5 (clang-1205.0.22.9) on 17 May 2021 09:39:38
os: Darwin-20.4.0 Darwin Kernel Version 20.4.0: Thu Apr 22 21:46:41 PDT 2021; root:xnu-7195.101.2~1/RELEASE_ARM64_T8101
nodename: xuhengs-MacBook-Air.local
machine: arm64
clock source: unix
pcre jit disabled
detected number of CPU cores: 8
current working directory: /Users/xuheng/workspace/buildbot_object/Mysite
detected binary path: /Users/xuheng/workspace/buildbot_object/sandbox/bin/uwsgi
chdir() to /Users/xuheng/workspace/buildbot_object/Mysite
your processes number limit is 1333
your memory page size is 16384 bytes
detected max file descriptor number: 256
lock engine: OSX spinlocks
thunder lock: disabled (you can enable it with --thunder-lock)
uwsgi socket 0 inherited INET address 127.0.0.1:8000 fd 6
Python version: 3.9.5 (default, May  3 2021, 19:12:05)  [Clang 12.0.5 (clang-1205.0.22.9)]
Python main interpreter initialized at 0x14e60e290
python threads support enabled
your server socket listen backlog is limited to 100 connections
your mercy for graceful operations on workers is 60 seconds
mapped 166656 bytes (162 KB) for 2 cores
*** Operational MODE: threaded ***
WSGI app 0 (mountpoint='') ready in 0 seconds on interpreter 0x14e60e290 pid: 11340 (default app)
*** uWSGI is running in multiple interpreter mode ***
gracefully (RE)spawned uWSGI master process (pid: 11340)
spawned uWSGI worker 1 (pid: 11904, cores: 2)
DAMN ! worker 1 (pid: 11904) died :( trying respawn ...
Respawned uWSGI worker 1 (new pid: 12029)
...brutally killing workers...
worker 1 buried after 1 seconds
binary reloading uWSGI...
chdir() to /Users/xuheng/workspace/buildbot_object/Mysite
closing all non-uwsgi socket fds > 2 (max_fd = 256)...
found fd 6 mapped to socket 0 (127.0.0.1:8000)
running /Users/xuheng/workspace/buildbot_object/sandbox/bin/uwsgi
[uWSGI] getting INI configuration from uwsgi.ini
*** Starting uWSGI 2.0.19.1 (64bit) on [Mon May 17 18:05:11 2021] ***
compiled with version: Apple LLVM 12.0.5 (clang-1205.0.22.9) on 17 May 2021 09:39:38
os: Darwin-20.4.0 Darwin Kernel Version 20.4.0: Thu Apr 22 21:46:41 PDT 2021; root:xnu-7195.101.2~1/RELEASE_ARM64_T8101
nodename: xuhengs-MacBook-Air.local
machine: arm64
clock source: unix
pcre jit disabled
detected number of CPU cores: 8
current working directory: /Users/xuheng/workspace/buildbot_object/Mysite
detected binary path: /Users/xuheng/workspace/buildbot_object/sandbox/bin/uwsgi
chdir() to /Users/xuheng/workspace/buildbot_object/Mysite
your processes number limit is 1333
your memory page size is 16384 bytes
detected max file descriptor number: 256
lock engine: OSX spinlocks
thunder lock: disabled (you can enable it with --thunder-lock)
uwsgi socket 0 inherited INET address 127.0.0.1:8000 fd 6
Python version: 3.9.5 (default, May  3 2021, 19:12:05)  [Clang 12.0.5 (clang-1205.0.22.9)]
Python main interpreter initialized at 0x150e0e400
python threads support enabled
your server socket listen backlog is limited to 100 connections
your mercy for graceful operations on workers is 60 seconds
mapped 166656 bytes (162 KB) for 2 cores
*** Operational MODE: threaded ***
WSGI app 0 (mountpoint='') ready in 0 seconds on interpreter 0x150e0e400 pid: 11340 (default app)
*** uWSGI is running in multiple interpreter mode ***
gracefully (RE)spawned uWSGI master process (pid: 11340)
spawned uWSGI worker 1 (pid: 12135, cores: 2)
...brutally killing workers...
worker 1 buried after 1 seconds
binary reloading uWSGI...
chdir() to /Users/xuheng/workspace/buildbot_object/Mysite
closing all non-uwsgi socket fds > 2 (max_fd = 256)...
found fd 6 mapped to socket 0 (127.0.0.1:8000)
running /Users/xuheng/workspace/buildbot_object/sandbox/bin/uwsgi
[uWSGI] getting INI configuration from uwsgi.ini
*** Starting uWSGI 2.0.19.1 (64bit) on [Mon May 17 18:05:24 2021] ***
compiled with version: Apple LLVM 12.0.5 (clang-1205.0.22.9) on 17 May 2021 09:39:38
os: Darwin-20.4.0 Darwin Kernel Version 20.4.0: Thu Apr 22 21:46:41 PDT 2021; root:xnu-7195.101.2~1/RELEASE_ARM64_T8101
nodename: xuhengs-MacBook-Air.local
machine: arm64
clock source: unix
pcre jit disabled
detected number of CPU cores: 8
current working directory: /Users/xuheng/workspace/buildbot_object/Mysite
detected binary path: /Users/xuheng/workspace/buildbot_object/sandbox/bin/uwsgi
chdir() to /Users/xuheng/workspace/buildbot_object/Mysite
your processes number limit is 1333
your memory page size is 16384 bytes
detected max file descriptor number: 256
lock engine: OSX spinlocks
thunder lock: disabled (you can enable it with --thunder-lock)
uwsgi socket 0 inherited INET address 127.0.0.1:8000 fd 6
Python version: 3.9.5 (default, May  3 2021, 19:12:05)  [Clang 12.0.5 (clang-1205.0.22.9)]
Python main interpreter initialized at 0x15360e400
python threads support enabled
your server socket listen backlog is limited to 100 connections
your mercy for graceful operations on workers is 60 seconds
mapped 166656 bytes (162 KB) for 2 cores
*** Operational MODE: threaded ***
WSGI app 0 (mountpoint='') ready in 0 seconds on interpreter 0x15360e400 pid: 11340 (default app)
*** uWSGI is running in multiple interpreter mode ***
gracefully (RE)spawned uWSGI master process (pid: 11340)
spawned uWSGI worker 1 (pid: 12236, cores: 2)
SIGINT/SIGQUIT received...killing workers...
worker 1 buried after 1 seconds
goodbye to uWSGI.
